SF:lib/app/bindings/app_bindings.dart
DA:3,1
LF:1
LH:1
end_of_record
SF:lib/app/lang/translate_service.dart
DA:8,3
DA:11,1
DA:12,1
LF:3
LH:3
end_of_record
SF:lib/app/routes/app_routes.dart
DA:23,3
DA:24,1
DA:26,0
DA:27,1
DA:29,1
DA:31,2
DA:32,3
LF:7
LH:6
end_of_record
SF:lib/main.dart
DA:12,0
DA:13,0
DA:15,0
DA:21,2
DA:23,1
DA:25,1
DA:27,2
DA:30,1
DA:31,1
DA:34,1
DA:39,1
DA:40,1
DA:41,1
DA:42,1
LF:14
LH:11
end_of_record
SF:lib/main2.dart
DA:6,0
DA:9,0
DA:11,0
DA:13,0
DA:16,0
DA:17,0
LF:6
LH:0
end_of_record
SF:lib/app/login.dart
DA:4,0
DA:7,0
DA:8,0
DA:11,1
DA:22,0
DA:28,0
DA:29,0
DA:30,0
DA:34,0
DA:35,0
DA:36,0
DA:40,0
DA:42,0
DA:43,0
DA:44,0
DA:46,0
DA:47,0
DA:48,0
DA:49,0
DA:51,0
DA:58,0
DA:59,0
DA:60,0
DA:61,0
DA:62,0
DA:64,0
DA:65,0
DA:66,0
LF:28
LH:1
end_of_record
SF:lib/app/common/base/widgets/base_stateful_widget.dart
DA:5,2
DA:11,4
DA:13,0
DA:17,0
DA:19,0
DA:26,0
DA:30,0
LF:7
LH:2
end_of_record
SF:lib/app/common/base/widgets/base_stateless_widget.dart
DA:7,2
DA:9,4
DA:11,0
DA:15,1
DA:17,1
LF:5
LH:4
end_of_record
SF:lib/app/constants/app_colors.dart
DA:5,0
LF:1
LH:0
end_of_record
SF:lib/app/constants/app_style.dart
DA:5,0
DA:7,0
DA:9,0
DA:14,3
DA:16,1
DA:20,0
DA:28,0
DA:39,0
DA:40,0
DA:41,0
LF:10
LH:2
end_of_record
SF:lib/app/data/models/simple_calendar.dart
DA:7,1
LF:1
LH:1
end_of_record
SF:lib/app/data/models/task.dart
DA:18,1
DA:20,1
DA:21,2
DA:24,0
DA:25,0
DA:28,1
DA:29,6
DA:32,0
DA:34,0
LF:9
LH:5
end_of_record
SF:lib/app/data/models/task.g.dart
DA:9,0
DA:10,0
DA:11,0
DA:12,0
DA:13,0
DA:14,0
DA:15,0
DA:16,0
DA:17,0
DA:18,0
DA:19,0
DA:23,0
DA:24,0
DA:25,0
DA:26,0
DA:27,0
DA:28,0
DA:29,0
DA:30,0
DA:31,0
DA:32,0
LF:21
LH:0
end_of_record
SF:lib/app/enums/category_task.enum.dart
DA:8,1
DA:9,1
DA:11,1
LF:3
LH:3
end_of_record
SF:lib/app/data/providers/task.provider.dart
DA:12,1
DA:13,0
DA:14,2
DA:15,0
DA:16,0
DA:33,0
DA:34,0
DA:35,0
DA:38,0
DA:39,0
DA:40,0
DA:43,0
DA:44,0
DA:45,0
LF:14
LH:2
end_of_record
SF:lib/app/data/repository/task.repository.dart
DA:20,1
DA:22,1
DA:24,2
DA:27,0
DA:29,0
DA:32,0
DA:34,0
DA:37,0
DA:39,0
LF:9
LH:3
end_of_record
SF:lib/app/helper/datetime_helper.dart
DA:4,1
DA:5,1
DA:6,2
DA:8,1
DA:10,1
DA:11,1
DA:12,1
DA:13,1
DA:14,1
DA:15,1
DA:16,1
DA:17,1
DA:18,1
DA:19,1
DA:20,1
DA:21,1
DA:25,0
DA:27,0
DA:28,0
DA:29,0
DA:30,0
DA:31,0
DA:32,0
DA:33,0
DA:34,0
DA:35,0
DA:36,0
DA:37,0
DA:38,0
DA:42,0
DA:44,0
DA:45,0
DA:46,0
DA:47,0
DA:48,0
DA:49,0
DA:50,0
DA:51,0
DA:52,0
DA:53,0
DA:54,0
DA:55,0
DA:59,0
DA:61,0
DA:62,0
DA:63,0
DA:64,0
DA:65,0
DA:66,0
DA:67,0
DA:68,0
DA:69,0
DA:70,0
DA:71,0
DA:72,0
DA:76,0
DA:78,0
DA:79,0
DA:80,0
DA:81,0
DA:82,0
DA:83,0
DA:84,0
DA:85,0
DA:86,0
DA:87,0
DA:88,0
DA:89,0
DA:93,0
DA:95,0
DA:96,0
DA:97,0
DA:98,0
DA:99,0
DA:100,0
DA:101,0
DA:102,0
DA:103,0
DA:104,0
DA:105,0
DA:106,0
DA:110,0
DA:112,0
DA:113,0
DA:114,0
DA:115,0
DA:116,0
DA:117,0
DA:118,0
DA:119,0
DA:120,0
DA:121,0
DA:122,0
DA:123,0
DA:132,1
DA:133,1
DA:134,1
DA:135,1
DA:136,1
DA:137,1
DA:138,1
DA:139,1
DA:140,1
DA:141,1
DA:143,4
DA:145,1
DA:146,0
DA:148,0
LF:108
LH:28
end_of_record
SF:lib/app/helper/string_helper.dart
DA:2,1
DA:3,2
LF:2
LH:2
end_of_record
SF:lib/app/modules/home/binding/home_binding.dart
DA:7,1
DA:9,4
DA:10,4
LF:3
LH:3
end_of_record
SF:lib/app/modules/home/controller/home_controller.dart
DA:11,0
DA:22,1
DA:24,1
DA:25,3
DA:26,0
DA:27,0
DA:29,0
DA:32,0
DA:36,1
DA:37,2
DA:38,2
DA:39,3
DA:42,0
DA:43,0
DA:46,0
DA:47,0
DA:48,0
DA:50,0
DA:52,0
DA:53,0
DA:55,0
DA:57,0
DA:58,0
DA:59,0
DA:64,0
DA:65,0
DA:69,0
DA:70,0
DA:71,0
DA:72,0
DA:75,0
DA:79,0
DA:80,0
DA:81,0
DA:82,0
DA:85,0
DA:89,0
DA:90,0
DA:91,0
DA:92,0
DA:95,0
DA:99,0
DA:100,0
DA:101,0
DA:102,0
DA:106,0
DA:109,1
DA:110,1
DA:112,0
DA:114,0
DA:117,0
DA:118,0
DA:119,0
DA:121,0
DA:123,0
DA:125,0
DA:126,0
DA:129,1
DA:130,5
DA:131,7
LF:60
LH:12
end_of_record
SF:lib/app/modules/home/screen/home_page.dart
DA:15,0
DA:18,1
DA:19,1
DA:20,1
DA:21,1
DA:22,2
DA:23,1
DA:24,2
DA:25,1
DA:26,2
DA:30,1
DA:31,1
DA:33,2
DA:35,2
DA:36,1
DA:66,1
DA:67,2
DA:68,1
DA:70,1
DA:73,1
DA:75,1
DA:76,2
DA:84,1
DA:86,1
DA:89,1
DA:90,1
DA:91,1
DA:92,1
DA:94,1
DA:95,1
DA:96,1
LF:31
LH:30
end_of_record
SF:lib/app/modules/home/widget/task_filter.dart
DA:16,1
DA:18,1
DA:25,1
DA:27,1
DA:28,2
DA:31,0
DA:33,0
DA:34,0
DA:37,1
DA:39,3
DA:42,1
DA:43,1
DA:44,4
DA:45,1
DA:46,1
DA:47,1
DA:48,1
DA:49,1
DA:54,1
DA:55,8
DA:56,2
DA:60,1
DA:61,0
DA:62,0
DA:63,0
DA:66,7
DA:67,1
DA:68,4
DA:69,9
DA:71,7
DA:72,1
DA:73,4
DA:74,1
DA:77,6
DA:79,1
LF:35
LH:29
end_of_record
SF:lib/app/modules/home/widget/task_form.dart
DA:16,1
DA:18,1
DA:29,0
DA:30,0
DA:31,0
DA:32,0
DA:33,0
DA:34,0
DA:35,0
DA:37,0
DA:38,0
DA:39,0
DA:40,0
DA:41,0
DA:42,0
DA:45,0
DA:46,0
DA:47,0
DA:48,0
DA:49,0
DA:54,1
DA:55,1
DA:56,2
DA:57,1
DA:59,1
DA:60,3
DA:61,3
DA:63,10
DA:64,2
DA:65,1
DA:67,2
DA:68,2
DA:70,2
DA:71,1
DA:76,1
DA:77,1
DA:78,1
DA:81,1
DA:82,1
DA:83,1
DA:84,2
DA:92,1
DA:93,1
DA:95,1
DA:96,1
DA:97,1
DA:99,1
DA:100,1
DA:103,1
DA:105,4
DA:108,1
DA:109,1
DA:110,1
DA:111,1
DA:112,2
DA:113,1
DA:115,1
DA:116,1
DA:117,1
DA:121,1
DA:123,2
DA:125,1
DA:126,1
DA:131,1
DA:132,1
DA:133,4
DA:139,1
DA:140,1
DA:141,2
DA:142,1
DA:144,1
DA:145,1
DA:146,1
DA:150,1
DA:152,2
DA:154,1
DA:155,1
DA:160,1
DA:161,1
DA:162,4
DA:168,1
DA:169,1
DA:170,2
DA:171,1
DA:173,1
DA:174,1
DA:175,1
DA:179,1
DA:181,2
DA:183,1
DA:184,1
DA:189,1
DA:190,1
DA:191,4
DA:199,1
DA:200,1
DA:201,1
DA:202,2
DA:203,1
DA:204,1
DA:215,1
DA:216,1
DA:219,1
DA:220,1
DA:221,4
DA:222,4
DA:224,1
DA:225,1
DA:226,1
DA:227,1
DA:228,0
DA:229,0
DA:231,1
DA:232,3
DA:233,1
DA:234,1
DA:235,1
DA:239,1
DA:240,1
DA:244,1
DA:246,1
DA:247,1
DA:248,1
DA:249,2
DA:250,1
DA:253,1
DA:256,1
DA:257,4
DA:258,1
DA:259,1
DA:268,1
DA:269,1
DA:270,0
DA:271,0
DA:273,1
DA:274,4
DA:276,1
DA:277,1
DA:281,1
DA:282,1
DA:286,1
DA:288,1
DA:289,1
DA:290,1
DA:291,2
DA:292,1
DA:295,1
DA:298,1
DA:299,4
DA:300,1
DA:301,1
DA:310,1
DA:311,1
DA:312,0
DA:313,0
DA:315,1
DA:316,3
DA:318,1
DA:319,1
DA:323,1
DA:324,1
DA:328,1
DA:330,1
DA:331,1
DA:332,1
DA:333,2
DA:334,1
DA:337,1
DA:340,1
DA:341,4
DA:342,1
DA:343,1
DA:358,1
DA:360,1
DA:361,1
DA:363,2
DA:364,1
DA:365,1
DA:367,1
DA:368,1
DA:369,1
DA:373,1
DA:374,1
DA:375,1
DA:376,2
DA:378,1
DA:379,1
DA:380,1
DA:381,1
DA:382,2
DA:383,1
DA:385,1
DA:386,1
DA:387,1
DA:388,1
DA:392,1
DA:398,5
DA:399,1
DA:400,1
DA:401,1
DA:405,1
DA:406,3
DA:407,7
DA:408,4
DA:413,1
DA:414,2
DA:415,1
DA:417,1
DA:418,1
DA:419,1
DA:420,1
DA:424,1
DA:430,5
DA:431,1
DA:432,1
DA:433,1
DA:437,1
DA:438,3
DA:439,7
DA:441,3
DA:445,1
DA:446,1
DA:447,1
DA:449,1
DA:450,1
DA:451,1
LF:226
LH:202
end_of_record
SF:lib/app/modules/home/widget/task_list.dart
DA:13,1
DA:14,1
DA:15,0
DA:16,0
DA:17,0
DA:19,1
DA:30,1
DA:31,1
DA:34,1
DA:35,1
DA:41,1
DA:42,1
DA:44,1
DA:47,1
DA:48,1
DA:49,1
DA:50,0
DA:51,0
DA:52,0
DA:53,0
DA:61,1
DA:63,1
DA:65,1
DA:67,1
DA:70,1
DA:71,1
DA:74,1
DA:75,2
DA:76,1
DA:78,2
DA:82,2
DA:92,1
DA:94,1
DA:95,1
DA:96,1
DA:97,3
DA:98,1
DA:103,3
DA:104,1
DA:105,3
DA:106,1
DA:109,3
LF:42
LH:35
end_of_record
SF:lib/app/modules/main/controller/main_controller.dart
DA:11,0
DA:23,0
DA:24,0
DA:25,0
DA:26,0
DA:27,0
DA:28,0
DA:30,0
DA:31,0
DA:32,0
DA:33,0
DA:35,0
DA:36,0
DA:37,0
DA:38,0
LF:15
LH:0
end_of_record
SF:lib/app/modules/main/screen/main_page.dart
DA:14,1
DA:16,1
DA:17,2
DA:19,1
DA:20,1
DA:21,1
DA:22,1
DA:24,3
DA:26,2
DA:29,0
DA:31,1
DA:36,1
DA:37,1
DA:39,1
DA:40,2
DA:42,1
DA:43,3
LF:17
LH:16
end_of_record
SF:lib/app/widgets/simple_calendar.dart
DA:13,2
DA:15,1
DA:16,1
DA:22,1
DA:24,1
DA:25,1
DA:28,0
DA:29,0
DA:30,0
DA:32,0
DA:35,1
DA:36,1
DA:39,2
DA:40,1
DA:42,3
DA:44,3
DA:45,2
DA:46,1
DA:50,1
DA:51,1
DA:52,1
DA:53,1
DA:55,1
DA:56,2
DA:57,1
DA:58,0
DA:59,0
DA:60,0
DA:62,1
DA:63,1
DA:64,1
DA:65,1
DA:66,1
DA:68,1
DA:69,2
DA:78,1
DA:80,1
DA:82,1
DA:86,1
DA:87,2
DA:88,1
DA:89,2
DA:90,1
LF:43
LH:36
end_of_record
SF:lib/app/utils/device_utils.dart
DA:10,0
DA:11,0
DA:18,0
DA:19,0
DA:25,5
DA:31,0
LF:6
LH:1
end_of_record
SF:lib/app/widgets/shadow_box.dart
DA:15,1
DA:23,1
DA:25,1
DA:26,2
DA:27,2
DA:28,2
DA:29,1
DA:30,1
DA:31,1
DA:32,1
DA:33,1
DA:34,1
DA:35,1
DA:36,1
DA:37,1
LF:15
LH:15
end_of_record
SF:lib/app/modules/main/binding/main_binding.dart
DA:5,1
DA:7,3
LF:2
LH:2
end_of_record
SF:lib/app/modules/main/widget/fab_bottom_app_bar.dart
DA:13,1
DA:21,1
DA:33,1
DA:46,1
DA:47,1
DA:51,0
DA:52,0
DA:53,0
DA:55,0
DA:58,1
DA:60,2
DA:61,5
DA:62,1
DA:63,3
DA:64,1
DA:67,1
DA:68,2
DA:69,2
DA:70,1
DA:77,1
DA:81,4
DA:82,4
DA:83,4
DA:84,1
DA:85,1
DA:86,2
DA:87,1
DA:89,3
DA:91,2
DA:92,1
DA:94,1
DA:95,3
DA:96,0
DA:97,1
DA:100,1
DA:101,1
DA:102,1
DA:106,1
DA:107,1
DA:108,2
DA:110,1
LF:41
LH:36
end_of_record
SF:lib/app/widgets/app_bar_widget.dart
DA:6,1
DA:14,1
DA:20,1
DA:38,1
DA:40,1
DA:42,3
DA:43,1
DA:44,1
DA:45,1
DA:46,1
DA:47,1
DA:48,1
DA:49,1
DA:50,1
DA:51,1
DA:53,1
DA:55,1
DA:56,1
DA:57,1
DA:58,1
DA:59,2
DA:60,1
DA:67,1
DA:69,1
DA:84,0
DA:86,0
DA:88,0
DA:89,0
DA:90,0
DA:92,0
DA:94,0
DA:98,0
LF:32
LH:24
end_of_record
SF:lib/app/modules/splash/binding/splash_binding.dart
DA:5,0
DA:7,0
LF:2
LH:0
end_of_record
SF:lib/app/modules/splash/controller/splash_controller.dart
DA:7,0
DA:9,0
DA:11,0
DA:12,0
DA:13,0
DA:17,0
DA:18,0
LF:7
LH:0
end_of_record
SF:lib/app/modules/splash/screen/splash_page.dart
DA:9,0
DA:12,0
DA:14,0
DA:16,0
DA:17,0
DA:18,0
DA:19,0
DA:20,0
DA:22,0
DA:23,0
DA:24,0
DA:27,0
DA:28,0
LF:13
LH:0
end_of_record
SF:lib/app/widgets/app_builder.dart
DA:5,1
DA:9,1
DA:15,1
DA:17,4
DA:18,1
DA:19,1
DA:20,1
DA:21,1
DA:22,2
DA:23,1
DA:26,1
DA:28,1
DA:29,1
DA:30,1
DA:31,0
DA:33,2
DA:37,0
DA:44,0
DA:45,0
DA:46,0
DA:47,0
DA:50,0
LF:22
LH:15
end_of_record
